Library/Bee/Android/Prj/IL2CPP/Gradle/launcher/build/intermediates/manifest_merge_blame_file/release/manifest-merger-blame-release-report.txt
1<?xml version="1.0" encoding="utf-8"?>
2<manifest xmlns:android="http://schemas.android.com/apk/res/android"
3    package="com.ULSA.Practica4"
4    android:installLocation="preferExternal"
5    android:versionCode="1"
6    android:versionName="0.1" >
7
8    <uses-sdk
9        android:minSdkVersion="29"
9-->src\main\AndroidManifest.xml
10        android:targetSdkVersion="31" />
10-->src\main\AndroidManifest.xml
11
12    <supports-screens
12-->src\main\AndroidManifest.xml:3:3-163
13        android:anyDensity="true"
13-->src\main\AndroidManifest.xml:3:135-160
14        android:largeScreens="true"
14-->src\main\AndroidManifest.xml:3:78-105
15        android:normalScreens="true"
15-->src\main\AndroidManifest.xml:3:49-77
16        android:smallScreens="true"
16-->src\main\AndroidManifest.xml:3:21-48
17        android:xlargeScreens="true" />
17-->src\main\AndroidManifest.xml:3:106-134
18
19    <uses-feature
19-->[:unityLibrary] AndroidManifest.xml:12:5-54
20        android:glEsVersion="0x00030000"
20-->[:unityLibrary] AndroidManifest.xml:12:19-51
21        android:required="true" />
21-->[:GfxPluginCardboard:] AndroidManifest.xml:15:9-32
22
23    <uses-permission android:name="android.permission.INTERNET" />
23-->[:unityLibrary] AndroidManifest.xml:14:5-67
23-->[:unityLibrary] AndroidManifest.xml:14:22-64
24
25    <uses-feature
25-->[:unityLibrary] AndroidManifest.xml:16:5-18:36
26        android:name="android.hardware.touchscreen"
26-->[:unityLibrary] AndroidManifest.xml:17:9-52
27        android:required="false" />
27-->[:unityLibrary] AndroidManifest.xml:18:9-33
28    <uses-feature
28-->[:unityLibrary] AndroidManifest.xml:19:5-21:36
29        android:name="android.hardware.touchscreen.multitouch"
29-->[:unityLibrary] AndroidManifest.xml:20:9-63
30        android:required="false" />
30-->[:unityLibrary] AndroidManifest.xml:21:9-33
31    <uses-feature
31-->[:unityLibrary] AndroidManifest.xml:22:5-24:36
32        android:name="android.hardware.touchscreen.multitouch.distinct"
32-->[:unityLibrary] AndroidManifest.xml:23:9-72
33        android:required="false" />
33-->[:unityLibrary] AndroidManifest.xml:24:9-33
34
35    <uses-permission android:name="android.permission.CAMERA" />
35-->[:GfxPluginCardboard:] AndroidManifest.xml:17:5-65
35-->[:GfxPluginCardboard:] AndroidManifest.xml:17:22-62
36    <uses-permission android:name="android.permission.WRITE_EXTERNAL_STORAGE" />
36-->[:GfxPluginCardboard:] AndroidManifest.xml:18:5-81
36-->[:GfxPluginCardboard:] AndroidManifest.xml:18:22-78
37    <uses-permission android:name="android.permission.NFC" />
37-->[:GfxPluginCardboard:] AndroidManifest.xml:20:5-62
37-->[:GfxPluginCardboard:] AndroidManifest.xml:20:22-59
38    <uses-permission android:name="android.permission.ACCESS_NETWORK_STATE" />
38-->[:UltraleapTrackingServiceBinder:] AndroidManifest.xml:10:5-79
38-->[:UltraleapTrackingServiceBinder:] AndroidManifest.xml:10:22-76
39
40    <queries>
40-->[:UltraleapTrackingServiceBinder:] AndroidManifest.xml:12:5-14:15
41        <package android:name="com.ultraleap.tracking.service" />
41-->[:UltraleapTrackingServiceBinder:] AndroidManifest.xml:13:9-66
41-->[:UltraleapTrackingServiceBinder:] AndroidManifest.xml:13:18-63
42    </queries>
43
44    <application
44-->src\main\AndroidManifest.xml:4:3-83
45        android:appComponentFactory="androidx.core.app.CoreComponentFactory"
45-->[androidx.core:core:1.7.0] AndroidManifest.xml:24:18-86
46        android:extractNativeLibs="true"
46-->[:unityLibrary] AndroidManifest.xml:26:18-50
47        android:icon="@mipmap/app_icon"
47-->src\main\AndroidManifest.xml:4:49-80
48        android:label="@string/app_name" >
48-->src\main\AndroidManifest.xml:4:16-48
49        <activity
49-->[:unityLibrary] AndroidManifest.xml:27:9-48:20
50            android:name="com.unity3d.player.UnityPlayerActivity"
50-->[:unityLibrary] AndroidManifest.xml:28:13-66
51            android:configChanges="mcc|mnc|locale|touchscreen|keyboard|keyboardHidden|navigation|orientation|screenLayout|uiMode|screenSize|smallestScreenSize|fontScale|layoutDirection|density"
51-->[:unityLibrary] AndroidManifest.xml:29:13-194
52            android:exported="true"
52-->[:unityLibrary] AndroidManifest.xml:30:13-36
53            android:hardwareAccelerated="false"
53-->[:unityLibrary] AndroidManifest.xml:31:13-48
54            android:launchMode="singleTask"
54-->[:unityLibrary] AndroidManifest.xml:32:13-44
55            android:resizeableActivity="false"
55-->[:unityLibrary] AndroidManifest.xml:33:13-47
56            android:screenOrientation="reverseLandscape"
56-->[:unityLibrary] AndroidManifest.xml:34:13-57
57            android:theme="@style/UnityThemeSelector" >
57-->[:unityLibrary] AndroidManifest.xml:35:13-54
58            <intent-filter>
58-->[:unityLibrary] AndroidManifest.xml:36:13-40:29
59                <action android:name="android.intent.action.MAIN" />
59-->[:unityLibrary] AndroidManifest.xml:37:17-69
59-->[:unityLibrary] AndroidManifest.xml:37:25-66
60
61                <category android:name="android.intent.category.LAUNCHER" />
61-->[:unityLibrary] AndroidManifest.xml:39:17-77
61-->[:unityLibrary] AndroidManifest.xml:39:27-74
62            </intent-filter>
63
64            <meta-data
64-->[:unityLibrary] AndroidManifest.xml:42:13-44:40
65                android:name="unityplayer.UnityActivity"
65-->[:unityLibrary] AndroidManifest.xml:43:17-57
66                android:value="true" />
66-->[:unityLibrary] AndroidManifest.xml:44:17-37
67            <meta-data
67-->[:unityLibrary] AndroidManifest.xml:45:13-47:40
68                android:name="android.notch_support"
68-->[:unityLibrary] AndroidManifest.xml:46:17-53
69                android:value="true" />
69-->[:unityLibrary] AndroidManifest.xml:47:17-37
70        </activity>
71
72        <meta-data
72-->[:unityLibrary] AndroidManifest.xml:50:9-52:33
73            android:name="unity.splash-mode"
73-->[:unityLibrary] AndroidManifest.xml:51:13-45
74            android:value="0" />
74-->[:unityLibrary] AndroidManifest.xml:52:13-30
75        <meta-data
75-->[:unityLibrary] AndroidManifest.xml:53:9-55:36
76            android:name="unity.splash-enable"
76-->[:unityLibrary] AndroidManifest.xml:54:13-47
77            android:value="True" />
77-->[:unityLibrary] AndroidManifest.xml:55:13-33
78        <meta-data
78-->[:unityLibrary] AndroidManifest.xml:56:9-58:36
79            android:name="unity.launch-fullscreen"
79-->[:unityLibrary] AndroidManifest.xml:57:13-51
80            android:value="True" />
80-->[:unityLibrary] AndroidManifest.xml:58:13-33
81        <meta-data
81-->[:unityLibrary] AndroidManifest.xml:59:9-61:37
82            android:name="unity.allow-resizable-window"
82-->[:unityLibrary] AndroidManifest.xml:60:13-56
83            android:value="False" />
83-->[:unityLibrary] AndroidManifest.xml:61:13-34
84        <meta-data
84-->[:unityLibrary] AndroidManifest.xml:62:9-64:50
85            android:name="notch.config"
85-->[:unityLibrary] AndroidManifest.xml:63:13-40
86            android:value="portrait|landscape" />
86-->[:unityLibrary] AndroidManifest.xml:64:13-47
87
88        <activity
88-->[:GfxPluginCardboard:] AndroidManifest.xml:23:9-27:66
89            android:name="com.google.cardboard.sdk.QrCodeCaptureActivity"
89-->[:GfxPluginCardboard:] AndroidManifest.xml:24:13-74
90            android:exported="false"
90-->[:GfxPluginCardboard:] AndroidManifest.xml:25:13-37
91            android:label="@string/title_activity_qr_code_capture"
91-->[:GfxPluginCardboard:] AndroidManifest.xml:26:13-67
92            android:theme="@style/Theme.AppCompat.NoActionBar" />
92-->[:GfxPluginCardboard:] AndroidManifest.xml:27:13-63
93        <!--
94          Activity whose sole purpose is to update Cardboard device params when a Cardboard V1
95          NFC tag is detected.
96        -->
97        <activity
97-->[:GfxPluginCardboard:] AndroidManifest.xml:33:9-46:20
98            android:name="com.google.cardboard.sdk.HeadsetDetectionActivity"
98-->[:GfxPluginCardboard:] AndroidManifest.xml:34:13-77
99            android:exported="true"
99-->[:GfxPluginCardboard:] AndroidManifest.xml:35:13-36
100            android:label="@string/headset_detection_activity_title" >
100-->[:GfxPluginCardboard:] AndroidManifest.xml:36:13-69
101
102            <!-- Handles the Cardboard V1 NFC tag released at Google I/O 2014. -->
103            <intent-filter>
103-->[:GfxPluginCardboard:] AndroidManifest.xml:39:13-45:29
104                <action android:name="android.nfc.action.NDEF_DISCOVERED" />
104-->[:GfxPluginCardboard:] AndroidManifest.xml:40:17-77
104-->[:GfxPluginCardboard:] AndroidManifest.xml:40:25-74
105
106                <category android:name="android.intent.category.DEFAULT" />
106-->[:GfxPluginCardboard:] AndroidManifest.xml:42:17-76
106-->[:GfxPluginCardboard:] AndroidManifest.xml:42:27-73
107
108                <data android:scheme="cardboard" />
108-->[:GfxPluginCardboard:] AndroidManifest.xml:44:17-52
108-->[:GfxPluginCardboard:] AndroidManifest.xml:44:23-49
109            </intent-filter>
110        </activity>
111        <activity
111-->[com.google.android.gms:play-services-base:17.4.0] AndroidManifest.xml:23:9-26:75
112            android:name="com.google.android.gms.common.api.GoogleApiActivity"
112-->[com.google.android.gms:play-services-base:17.4.0] AndroidManifest.xml:24:13-79
113            android:exported="false"
113-->[com.google.android.gms:play-services-base:17.4.0] AndroidManifest.xml:25:13-37
114            android:theme="@android:style/Theme.Translucent.NoTitleBar" />
114-->[com.google.android.gms:play-services-base:17.4.0] AndroidManifest.xml:26:13-72
115
116        <meta-data
116-->[com.google.android.gms:play-services-basement:17.4.0] AndroidManifest.xml:23:9-25:69
117            android:name="com.google.android.gms.version"
117-->[com.google.android.gms:play-services-basement:17.4.0] AndroidManifest.xml:24:13-58
118            android:value="@integer/google_play_services_version" />
118-->[com.google.android.gms:play-services-basement:17.4.0] AndroidManifest.xml:25:13-66
119
120        <provider
120-->[androidx.emoji2:emoji2:1.0.0] AndroidManifest.xml:26:9-34:20
121            android:name="androidx.startup.InitializationProvider"
121-->[androidx.emoji2:emoji2:1.0.0] AndroidManifest.xml:27:13-67
122            android:authorities="com.ULSA.Practica4.androidx-startup"
122-->[androidx.emoji2:emoji2:1.0.0] AndroidManifest.xml:28:13-68
123            android:exported="false" >
123-->[androidx.emoji2:emoji2:1.0.0] AndroidManifest.xml:29:13-37
124            <meta-data
124-->[androidx.emoji2:emoji2:1.0.0] AndroidManifest.xml:31:13-33:52
125                android:name="androidx.emoji2.text.EmojiCompatInitializer"
125-->[androidx.emoji2:emoji2:1.0.0] AndroidManifest.xml:32:17-75
126                android:value="androidx.startup" />
126-->[androidx.emoji2:emoji2:1.0.0] AndroidManifest.xml:33:17-49
127            <meta-data
127-->[androidx.lifecycle:lifecycle-process:2.4.0] AndroidManifest.xml:31:13-33:52
128                android:name="androidx.lifecycle.ProcessLifecycleInitializer"
128-->[androidx.lifecycle:lifecycle-process:2.4.0] AndroidManifest.xml:32:17-78
129                android:value="androidx.startup" />
129-->[androidx.lifecycle:lifecycle-process:2.4.0] AndroidManifest.xml:33:17-49
130        </provider>
131    </application>
132
133</manifest>